date: 2014-02-09 15:14:00.353
argv: node /usr/local/bin/hexo server --watch
os: Darwin 13.0.0 darwin x64
version:
  hexo: 2.4.5
  http_parser: 1.0
  node: 0.10.21
  v8: 3.14.5.9
  ares: 1.9.0-DEV
  uv: 0.10.18
  zlib: 1.2.3
  modules: 11
  openssl: 1.0.1e
---

[debug] 14:59:24.681 Configuration file load successfully
[debug] 14:59:24.683 Version info checked successfully
[debug] 14:59:24.711 Loading database.
[debug] 14:59:24.793 Plugin loaded successfully: hexo-minifer
[debug] 14:59:24.816 Plugin loaded successfully: hexo-renderer-less
[debug] 14:59:24.821 Plugin loaded successfully: hexo-renderer-sass
[debug] 14:59:24.823 Script load successfully: fancybox.js
[debug] 14:59:24.836 Theme layout loaded
[debug] 14:59:24.841 Theme configuration loaded
[debug] 14:59:24.852 Theme source loaded
[debug] 14:59:24.888 Processed: _posts/hello-world-2.md
[debug] 14:59:24.889 Processed: _posts/hello-world-3.md
[debug] 14:59:24.889 Processed: _posts/hello-world-4.md
[debug] 14:59:24.889 Processed: _posts/hello-world-5.md
[debug] 14:59:24.890 Processed: _posts/hello-world.md
[debug] 14:59:24.896 Cache saved
[info] 14:59:24.915 Hexo is running at localhost:4000/. Press Ctrl+C to stop.
[debug] 14:59:26.444 Render index: 
[debug] 15:01:01.905 Render index: 
[delete] 15:14:00.247 Theme: source/css/fonts/FontAwesome.otf
[delete] 15:14:00.248 Theme: source/css/fonts/fontawesome-webfont.eot
[delete] 15:14:00.248 Theme: source/css/fonts/fontawesome-webfont.svg
[delete] 15:14:00.248 Theme: source/css/fonts/fontawesome-webfont.ttf
[delete] 15:14:00.248 Theme: source/css/fonts/fontawesome-webfont.woff
[error] 15:14:00.349 ReferenceError: route is not defined
ReferenceError: route is not defined
    at _watchSource (/usr/local/lib/node_modules/hexo/lib/core/theme.js:210:5)
    at /usr/local/lib/node_modules/hexo/lib/core/theme.js:260:15
    at /usr/local/lib/node_modules/hexo/node_modules/async/lib/async.js:108:13
    at Array.forEach (native)
    at _each (/usr/local/lib/node_modules/hexo/node_modules/async/lib/async.js:32:24)
    at Object.async.each (/usr/local/lib/node_modules/hexo/node_modules/async/lib/async.js:107:9)
    at async.series.generate.watch (/usr/local/lib/node_modules/hexo/lib/core/theme.js:249:17)
    at /usr/local/lib/node_modules/hexo/node_modules/async/lib/async.js:548:21
    at /usr/local/lib/node_modules/hexo/node_modules/async/lib/async.js:224:13
    at iterate (/usr/local/lib/node_modules/hexo/node_modules/async/lib/async.js:131:13)
